Performing C SOURCE FILE Test CMAKE_HAVE_LIBC_PTHREAD failed with the following output:
Change Dir: C:/Users/srira/OneDrive/Documents/CSE335/step4/Aquarium/cmake-build-debug/CMakeFiles/CMakeScratch/TryCompile-h3ku9a

Run Build Command(s):C:/Program Files/JetBrains/CLion 2022.3.1/bin/ninja/win/ninja.exe cmTC_db553 && [1/2] Building C object CMakeFiles\cmTC_db553.dir\src.c.obj
FAILED: CMakeFiles/cmTC_db553.dir/src.c.obj 
C:\PROGRA~1\MIB055~1\2022\COMMUN~1\VC\Tools\MSVC\1434~1.319\bin\Hostx64\x64\cl.exe  /nologo -DCMAKE_HAVE_LIBC_PTHREAD  /DWIN32 /D_WINDOWS  /Zi /Ob0 /Od /RTC1 -MDd /showIncludes /FoCMakeFiles\cmTC_db553.dir\src.c.obj /FdCMakeFiles\cmTC_db553.dir\ /FS -c C:\Users\srira\OneDrive\Documents\CSE335\step4\Aquarium\cmake-build-debug\CMakeFiles\CMakeScratch\TryCompile-h3ku9a\src.c
C:\Users\srira\OneDrive\Documents\CSE335\step4\Aquarium\cmake-build-debug\CMakeFiles\CMakeScratch\TryCompile-h3ku9a\src.c(1): fatal error C1083: Cannot open include file: 'pthread.h': No such file or directory
ninja: build stopped: subcommand failed.


Source file was:
#include <pthread.h>

static void* test_func(void* data)
{
  return data;
}

int main(void)
{
  pthread_t thread;
  pthread_create(&thread, NULL, test_func, NULL);
  pthread_detach(thread);
  pthread_cancel(thread);
  pthread_join(thread, NULL);
  pthread_atfork(NULL, NULL, NULL);
  pthread_exit(NULL);

  return 0;
}


Determining if the function pthread_create exists in the pthreads failed with the following output:
Change Dir: C:/Users/srira/OneDrive/Documents/CSE335/step4/Aquarium/cmake-build-debug/CMakeFiles/CMakeScratch/TryCompile-7fhf16

Run Build Command(s):C:/Program Files/JetBrains/CLion 2022.3.1/bin/ninja/win/ninja.exe cmTC_b0b23 && [1/2] Building C object CMakeFiles\cmTC_b0b23.dir\CheckFunctionExists.c.obj
[2/2] Linking C executable cmTC_b0b23.exe
FAILED: cmTC_b0b23.exe 
cmd.exe /C "cd . && "C:\Program Files\CMake\bin\cmake.exe" -E vs_link_exe --intdir=CMakeFiles\cmTC_b0b23.dir --rc=C:\PROGRA~2\WI3CF2~1\10\bin\100220~1.0\x64\rc.exe --mt=C:\PROGRA~2\WI3CF2~1\10\bin\100220~1.0\x64\mt.exe --manifests  -- C:\PROGRA~1\MIB055~1\2022\COMMUN~1\VC\Tools\MSVC\1434~1.319\bin\Hostx64\x64\link.exe /nologo CMakeFiles\cmTC_b0b23.dir\CheckFunctionExists.c.obj  /out:cmTC_b0b23.exe /implib:cmTC_b0b23.lib /pdb:cmTC_b0b23.pdb /version:0.0 /machine:x64  /debug /INCREMENTAL /subsystem:console  pthreads.lib  kernel32.lib user32.lib gdi32.lib winspool.lib shell32.lib ole32.lib oleaut32.lib uuid.lib comdlg32.lib advapi32.lib && cd ."
LINK Pass 1: command "C:\PROGRA~1\MIB055~1\2022\COMMUN~1\VC\Tools\MSVC\1434~1.319\bin\Hostx64\x64\link.exe /nologo CMakeFiles\cmTC_b0b23.dir\CheckFunctionExists.c.obj /out:cmTC_b0b23.exe /implib:cmTC_b0b23.lib /pdb:cmTC_b0b23.pdb /version:0.0 /machine:x64 /debug /INCREMENTAL /subsystem:console pthreads.lib kernel32.lib user32.lib gdi32.lib winspool.lib shell32.lib ole32.lib oleaut32.lib uuid.lib comdlg32.lib advapi32.lib /MANIFEST /MANIFESTFILE:CMakeFiles\cmTC_b0b23.dir/intermediate.manifest CMakeFiles\cmTC_b0b23.dir/manifest.res" failed (exit code 1104) with the following output:
LINK : fatal error LNK1104: cannot open file 'pthreads.lib'
ninja: build stopped: subcommand failed.



Determining if the function pthread_create exists in the pthread failed with the following output:
Change Dir: C:/Users/srira/OneDrive/Documents/CSE335/step4/Aquarium/cmake-build-debug/CMakeFiles/CMakeScratch/TryCompile-x0od72

Run Build Command(s):C:/Program Files/JetBrains/CLion 2022.3.1/bin/ninja/win/ninja.exe cmTC_605e5 && [1/2] Building C object CMakeFiles\cmTC_605e5.dir\CheckFunctionExists.c.obj
[2/2] Linking C executable cmTC_605e5.exe
FAILED: cmTC_605e5.exe 
cmd.exe /C "cd . && "C:\Program Files\CMake\bin\cmake.exe" -E vs_link_exe --intdir=CMakeFiles\cmTC_605e5.dir --rc=C:\PROGRA~2\WI3CF2~1\10\bin\100220~1.0\x64\rc.exe --mt=C:\PROGRA~2\WI3CF2~1\10\bin\100220~1.0\x64\mt.exe --manifests  -- C:\PROGRA~1\MIB055~1\2022\COMMUN~1\VC\Tools\MSVC\1434~1.319\bin\Hostx64\x64\link.exe /nologo CMakeFiles\cmTC_605e5.dir\CheckFunctionExists.c.obj  /out:cmTC_605e5.exe /implib:cmTC_605e5.lib /pdb:cmTC_605e5.pdb /version:0.0 /machine:x64  /debug /INCREMENTAL /subsystem:console  pthread.lib  kernel32.lib user32.lib gdi32.lib winspool.lib shell32.lib ole32.lib oleaut32.lib uuid.lib comdlg32.lib advapi32.lib && cd ."
LINK Pass 1: command "C:\PROGRA~1\MIB055~1\2022\COMMUN~1\VC\Tools\MSVC\1434~1.319\bin\Hostx64\x64\link.exe /nologo CMakeFiles\cmTC_605e5.dir\CheckFunctionExists.c.obj /out:cmTC_605e5.exe /implib:cmTC_605e5.lib /pdb:cmTC_605e5.pdb /version:0.0 /machine:x64 /debug /INCREMENTAL /subsystem:console pthread.lib kernel32.lib user32.lib gdi32.lib winspool.lib shell32.lib ole32.lib oleaut32.lib uuid.lib comdlg32.lib advapi32.lib /MANIFEST /MANIFESTFILE:CMakeFiles\cmTC_605e5.dir/intermediate.manifest CMakeFiles\cmTC_605e5.dir/manifest.res" failed (exit code 1104) with the following output:
LINK : fatal error LNK1104: cannot open file 'pthread.lib'
ninja: build stopped: subcommand failed.



